# JRE version: Java(TM) SE Runtime Environment (8.0_181-b13) (build 1.8.0_181-b13)
# Java VM: Java HotSpot(TM) 64-Bit Server VM (25.181-b13 mixed mode linux-amd64 compressed oops)
Heap:
 PSYoungGen      total 136192K, used 9202K [0x00000000d6f80000, 0x00000000dfd80000, 0x0000000100000000)
  eden space 126976K, 0% used [0x00000000d6f80000,0x00000000d6f80000,0x00000000deb80000)
  from space 9216K, 99% used [0x00000000deb80000,0x00000000df47c900,0x00000000df480000)
  to   space 9216K, 0% used [0x00000000df480000,0x00000000df480000,0x00000000dfd80000)
 ParOldGen       total 84992K, used 26411K [0x0000000084e00000, 0x000000008a100000, 0x00000000d6f80000)
  object space 84992K, 31% used [0x0000000084e00000,0x00000000867cafb0,0x000000008a100000)
 Metaspace       used 19714K, capacity 20234K, committed 20480K, reserved 1067008K
  class space    used 2331K, capacity 2445K, committed 2560K, reserved 1048576K
GC Heap History (10 events):
Event: 1,044 GC heap after
Heap after GC invocations=2 (full 0):
 PSYoungGen      total 36864K, used 5092K [0x00000000d6f80000, 0x00000000d9880000, 0x0000000100000000)
  eden space 31744K, 0% used [0x00000000d6f80000,0x00000000d6f80000,0x00000000d8e80000)
  from space 5120K, 99% used [0x00000000d9380000,0x00000000d9879358,0x00000000d9880000)
  to   space 5120K, 0% used [0x00000000d8e80000,0x00000000d8e80000,0x00000000d9380000)
 ParOldGen       total 84992K, used 1728K [0x0000000084e00000, 0x000000008a100000, 0x00000000d6f80000)
  object space 84992K, 2% used [0x0000000084e00000,0x0000000084fb01f8,0x000000008a100000)
 Metaspace       used 13112K, capacity 13492K, committed 13824K, reserved 1060864K
  class space    used 1616K, capacity 1726K, committed 1792K, reserved 1048576K
}
Event: 1,277 GC heap before
{Heap before GC invocations=3 (full 0):
 PSYoungGen      total 36864K, used 36836K [0x00000000d6f80000, 0x00000000d9880000, 0x0000000100000000)
  eden space 31744K, 100% used [0x00000000d6f80000,0x00000000d8e80000,0x00000000d8e80000)
  from space 5120K, 99% used [0x00000000d9380000,0x00000000d9879358,0x00000000d9880000)
  to   space 5120K, 0% used [0x00000000d8e80000,0x00000000d8e80000,0x00000000d9380000)
 ParOldGen       total 84992K, used 1728K [0x0000000084e00000, 0x000000008a100000, 0x00000000d6f80000)
  object space 84992K, 2% used [0x0000000084e00000,0x0000000084fb01f8,0x000000008a100000)
 Metaspace       used 13550K, capacity 13938K, committed 14080K, reserved 1060864K
  class space    used 1642K, capacity 1763K, committed 1792K, reserved 1048576K
Event: 1,282 GC heap after
Heap after GC invocations=3 (full 0):
 PSYoungGen      total 36864K, used 5120K [0x00000000d6f80000, 0x00000000db780000, 0x0000000100000000)
  eden space 31744K, 0% used [0x00000000d6f80000,0x00000000d6f80000,0x00000000d8e80000)
  from space 5120K, 100% used [0x00000000d8e80000,0x00000000d9380000,0x00000000d9380000)
  to   space 5120K, 0% used [0x00000000db280000,0x00000000db280000,0x00000000db780000)
 ParOldGen       total 84992K, used 3050K [0x0000000084e00000, 0x000000008a100000, 0x00000000d6f80000)
  object space 84992K, 3% used [0x0000000084e00000,0x00000000850faa88,0x000000008a100000)
 Metaspace       used 13550K, capacity 13938K, committed 14080K, reserved 1060864K
  class space    used 1642K, capacity 1763K, committed 1792K, reserved 1048576K
}
Event: 1,551 GC heap before
{Heap before GC invocations=4 (full 0):
 PSYoungGen      total 36864K, used 36864K [0x00000000d6f80000, 0x00000000db780000, 0x0000000100000000)
  eden space 31744K, 100% used [0x00000000d6f80000,0x00000000d8e80000,0x00000000d8e80000)
  from space 5120K, 100% used [0x00000000d8e80000,0x00000000d9380000,0x00000000d9380000)
  to   space 5120K, 0% used [0x00000000db280000,0x00000000db280000,0x00000000db780000)
 ParOldGen       total 84992K, used 3050K [0x0000000084e00000, 0x000000008a100000, 0x00000000d6f80000)
  object space 84992K, 3% used [0x0000000084e00000,0x00000000850faa88,0x000000008a100000)
 Metaspace       used 13764K, capacity 14096K, committed 14336K, reserved 1062912K
  class space    used 1647K, capacity 1768K, committed 1792K, reserved 1048576K
Event: 1,557 GC heap after
Heap after GC invocations=4 (full 0):
 PSYoungGen      total 68608K, used 5104K [0x00000000d6f80000, 0x00000000db780000, 0x0000000100000000)
  eden space 63488K, 0% used [0x00000000d6f80000,0x00000000d6f80000,0x00000000dad80000)
  from space 5120K, 99% used [0x00000000db280000,0x00000000db77c010,0x00000000db780000)
  to   space 5120K, 0% used [0x00000000dad80000,0x00000000dad80000,0x00000000db280000)
 ParOldGen       total 84992K, used 4746K [0x0000000084e00000, 0x000000008a100000, 0x00000000d6f80000)
  object space 84992K, 5% used [0x0000000084e00000,0x00000000852a2a88,0x000000008a100000)
 Metaspace       used 13764K, capacity 14096K, committed 14336K, reserved 1062912K
  class space    used 1647K, capacity 1768K, committed 1792K, reserved 1048576K
}
Event: 1,834 GC heap before
{Heap before GC invocations=5 (full 0):
 PSYoungGen      total 68608K, used 68592K [0x00000000d6f80000, 0x00000000db780000, 0x0000000100000000)
  eden space 63488K, 100% used [0x00000000d6f80000,0x00000000dad80000,0x00000000dad80000)
  from space 5120K, 99% used [0x00000000db280000,0x00000000db77c010,0x00000000db780000)
  to   space 5120K, 0% used [0x00000000dad80000,0x00000000dad80000,0x00000000db280000)
 ParOldGen       total 84992K, used 4746K [0x0000000084e00000, 0x000000008a100000, 0x00000000d6f80000)
  object space 84992K, 5% used [0x0000000084e00000,0x00000000852a2a88,0x000000008a100000)
 Metaspace       used 14054K, capacity 14440K, committed 14592K, reserved 1062912K
  class space    used 1657K, capacity 1772K, committed 1792K, reserved 1048576K
Event: 1,844 GC heap after
Heap after GC invocations=5 (full 0):
 PSYoungGen      total 68608K, used 5120K [0x00000000d6f80000, 0x00000000dfd80000, 0x0000000100000000)
  eden space 63488K, 0% used [0x00000000d6f80000,0x00000000d6f80000,0x00000000dad80000)
  from space 5120K, 100% used [0x00000000dad80000,0x00000000db280000,0x00000000db280000)
  to   space 9216K, 0% used [0x00000000df480000,0x00000000df480000,0x00000000dfd80000)
 ParOldGen       total 84992K, used 7855K [0x0000000084e00000, 0x000000008a100000, 0x00000000d6f80000)
  object space 84992K, 9% used [0x0000000084e00000,0x00000000855abed8,0x000000008a100000)
 Metaspace       used 14054K, capacity 14440K, committed 14592K, reserved 1062912K
  class space    used 1657K, capacity 1772K, committed 1792K, reserved 1048576K
}
Event: 2,246 GC heap before
{Heap before GC invocations=6 (full 0):
 PSYoungGen      total 68608K, used 68608K [0x00000000d6f80000, 0x00000000dfd80000, 0x0000000100000000)
  eden space 63488K, 100% used [0x00000000d6f80000,0x00000000dad80000,0x00000000dad80000)
  from space 5120K, 100% used [0x00000000dad80000,0x00000000db280000,0x00000000db280000)
  to   space 9216K, 0% used [0x00000000df480000,0x00000000df480000,0x00000000dfd80000)
 ParOldGen       total 84992K, used 7855K [0x0000000084e00000, 0x000000008a100000, 0x00000000d6f80000)
  object space 84992K, 9% used [0x0000000084e00000,0x00000000855abed8,0x000000008a100000)
 Metaspace       used 14713K, capacity 15142K, committed 15488K, reserved 1062912K
  class space    used 1725K, capacity 1813K, committed 1920K, reserved 1048576K
Event: 2,253 GC heap after
Heap after GC invocations=6 (full 0):
 PSYoungGen      total 136192K, used 7792K [0x00000000d6f80000, 0x00000000dfd80000, 0x0000000100000000)
  eden space 126976K, 0% used [0x00000000d6f80000,0x00000000d6f80000,0x00000000deb80000)
  from space 9216K, 84% used [0x00000000df480000,0x00000000dfc1c010,0x00000000dfd80000)
  to   space 9216K, 0% used [0x00000000deb80000,0x00000000deb80000,0x00000000df480000)
 ParOldGen       total 84992K, used 7863K [0x0000000084e00000, 0x000000008a100000, 0x00000000d6f80000)
  object space 84992K, 9% used [0x0000000084e00000,0x00000000855aded8,0x000000008a100000)
 Metaspace       used 14713K, capacity 15142K, committed 15488K, reserved 1062912K
  class space    used 1725K, capacity 1813K, committed 1920K, reserved 1048576K
}
Event: 3,257 GC heap before
{Heap before GC invocations=7 (full 0):
 PSYoungGen      total 136192K, used 134768K [0x00000000d6f80000, 0x00000000dfd80000, 0x0000000100000000)
  eden space 126976K, 100% used [0x00000000d6f80000,0x00000000deb80000,0x00000000deb80000)
  from space 9216K, 84% used [0x00000000df480000,0x00000000dfc1c010,0x00000000dfd80000)
  to   space 9216K, 0% used [0x00000000deb80000,0x00000000deb80000,0x00000000df480000)
 ParOldGen       total 84992K, used 7863K [0x0000000084e00000, 0x000000008a100000, 0x00000000d6f80000)
  object space 84992K, 9% used [0x0000000084e00000,0x00000000855aded8,0x000000008a100000)
 Metaspace       used 19714K, capacity 20234K, committed 20480K, reserved 1067008K
  class space    used 2331K, capacity 2445K, committed 2560K, reserved 1048576K

