# JRE version: Java(TM) SE Runtime Environment (8.0_181-b13) (build 1.8.0_181-b13)
# Java VM: Java HotSpot(TM) 64-Bit Server VM (25.181-b13 mixed mode linux-amd64 compressed oops)
Heap:
 PSYoungGen      total 268288K, used 23021K [0x00000000d6f80000, 0x00000000e9480000, 0x0000000100000000)
  eden space 245248K, 0% used [0x00000000d6f80000,0x00000000d6f80000,0x00000000e5f00000)
  from space 23040K, 99% used [0x00000000e5f00000,0x00000000e757b470,0x00000000e7580000)
  to   space 14336K, 0% used [0x00000000e7580000,0x00000000e7580000,0x00000000e8380000)
 ParOldGen       total 126976K, used 126610K [0x0000000084e00000, 0x000000008ca00000, 0x00000000d6f80000)
  object space 126976K, 99% used [0x0000000084e00000,0x000000008c9a4850,0x000000008ca00000)
 Metaspace       used 25662K, capacity 26314K, committed 26544K, reserved 1073152K
  class space    used 2945K, capacity 3164K, committed 3248K, reserved 1048576K
GC Heap History (10 events):
Event: 2,614 GC heap after
Heap after GC invocations=5 (full 0):
 PSYoungGen      total 68608K, used 5088K [0x00000000d6f80000, 0x00000000dfd80000, 0x0000000100000000)
  eden space 63488K, 0% used [0x00000000d6f80000,0x00000000d6f80000,0x00000000dad80000)
  from space 5120K, 99% used [0x00000000dad80000,0x00000000db278040,0x00000000db280000)
  to   space 9216K, 0% used [0x00000000df480000,0x00000000df480000,0x00000000dfd80000)
 ParOldGen       total 84992K, used 7684K [0x0000000084e00000, 0x000000008a100000, 0x00000000d6f80000)
  object space 84992K, 9% used [0x0000000084e00000,0x0000000085581370,0x000000008a100000)
 Metaspace       used 14069K, capacity 14440K, committed 14592K, reserved 1062912K
  class space    used 1658K, capacity 1772K, committed 1792K, reserved 1048576K
}
Event: 3,048 GC heap before
{Heap before GC invocations=6 (full 0):
 PSYoungGen      total 68608K, used 68576K [0x00000000d6f80000, 0x00000000dfd80000, 0x0000000100000000)
  eden space 63488K, 100% used [0x00000000d6f80000,0x00000000dad80000,0x00000000dad80000)
  from space 5120K, 99% used [0x00000000dad80000,0x00000000db278040,0x00000000db280000)
  to   space 9216K, 0% used [0x00000000df480000,0x00000000df480000,0x00000000dfd80000)
 ParOldGen       total 84992K, used 7684K [0x0000000084e00000, 0x000000008a100000, 0x00000000d6f80000)
  object space 84992K, 9% used [0x0000000084e00000,0x0000000085581370,0x000000008a100000)
 Metaspace       used 14283K, capacity 14702K, committed 14848K, reserved 1062912K
  class space    used 1658K, capacity 1773K, committed 1792K, reserved 1048576K
Event: 3,076 GC heap after
Heap after GC invocations=6 (full 0):
 PSYoungGen      total 136192K, used 7760K [0x00000000d6f80000, 0x00000000dfd80000, 0x0000000100000000)
  eden space 126976K, 0% used [0x00000000d6f80000,0x00000000d6f80000,0x00000000deb80000)
  from space 9216K, 84% used [0x00000000df480000,0x00000000dfc14030,0x00000000dfd80000)
  to   space 9216K, 0% used [0x00000000deb80000,0x00000000deb80000,0x00000000df480000)
 ParOldGen       total 84992K, used 7692K [0x0000000084e00000, 0x000000008a100000, 0x00000000d6f80000)
  object space 84992K, 9% used [0x0000000084e00000,0x0000000085583370,0x000000008a100000)
 Metaspace       used 14283K, capacity 14702K, committed 14848K, reserved 1062912K
  class space    used 1658K, capacity 1773K, committed 1792K, reserved 1048576K
}
Event: 4,415 GC heap before
{Heap before GC invocations=7 (full 0):
 PSYoungGen      total 136192K, used 134736K [0x00000000d6f80000, 0x00000000dfd80000, 0x0000000100000000)
  eden space 126976K, 100% used [0x00000000d6f80000,0x00000000deb80000,0x00000000deb80000)
  from space 9216K, 84% used [0x00000000df480000,0x00000000dfc14030,0x00000000dfd80000)
  to   space 9216K, 0% used [0x00000000deb80000,0x00000000deb80000,0x00000000df480000)
 ParOldGen       total 84992K, used 7692K [0x0000000084e00000, 0x000000008a100000, 0x00000000d6f80000)
  object space 84992K, 9% used [0x0000000084e00000,0x0000000085583370,0x000000008a100000)
 Metaspace       used 19653K, capacity 20170K, committed 20480K, reserved 1067008K
  class space    used 2324K, capacity 2445K, committed 2560K, reserved 1048576K
Event: 4,473 GC heap after
Heap after GC invocations=7 (full 0):
 PSYoungGen      total 136192K, used 9199K [0x00000000d6f80000, 0x00000000e8380000, 0x0000000100000000)
  eden space 126976K, 0% used [0x00000000d6f80000,0x00000000d6f80000,0x00000000deb80000)
  from space 9216K, 99% used [0x00000000deb80000,0x00000000df47bdd8,0x00000000df480000)
  to   space 14336K, 0% used [0x00000000e7580000,0x00000000e7580000,0x00000000e8380000)
 ParOldGen       total 84992K, used 16343K [0x0000000084e00000, 0x000000008a100000, 0x00000000d6f80000)
  object space 84992K, 19% used [0x0000000084e00000,0x0000000085df5e40,0x000000008a100000)
 Metaspace       used 19653K, capacity 20170K, committed 20480K, reserved 1067008K
  class space    used 2324K, capacity 2445K, committed 2560K, reserved 1048576K
}
Event: 5,084 GC heap before
{Heap before GC invocations=8 (full 0):
 PSYoungGen      total 136192K, used 70558K [0x00000000d6f80000, 0x00000000e8380000, 0x0000000100000000)
  eden space 126976K, 48% used [0x00000000d6f80000,0x00000000dab6bbe8,0x00000000deb80000)
  from space 9216K, 99% used [0x00000000deb80000,0x00000000df47bdd8,0x00000000df480000)
  to   space 14336K, 0% used [0x00000000e7580000,0x00000000e7580000,0x00000000e8380000)
 ParOldGen       total 84992K, used 16343K [0x0000000084e00000, 0x000000008a100000, 0x00000000d6f80000)
  object space 84992K, 19% used [0x0000000084e00000,0x0000000085df5e40,0x000000008a100000)
 Metaspace       used 20739K, capacity 21258K, committed 21296K, reserved 1069056K
  class space    used 2426K, capacity 2573K, committed 2608K, reserved 1048576K
Event: 5,125 GC heap after
Heap after GC invocations=8 (full 0):
 PSYoungGen      total 259584K, used 14304K [0x00000000d6f80000, 0x00000000e9480000, 0x0000000100000000)
  eden space 245248K, 0% used [0x00000000d6f80000,0x00000000d6f80000,0x00000000e5f00000)
  from space 14336K, 99% used [0x00000000e7580000,0x00000000e8378390,0x00000000e8380000)
  to   space 23040K, 0% used [0x00000000e5f00000,0x00000000e5f00000,0x00000000e7580000)
 ParOldGen       total 84992K, used 31428K [0x0000000084e00000, 0x000000008a100000, 0x00000000d6f80000)
  object space 84992K, 36% used [0x0000000084e00000,0x0000000086cb12a0,0x000000008a100000)
 Metaspace       used 20739K, capacity 21258K, committed 21296K, reserved 1069056K
  class space    used 2426K, capacity 2573K, committed 2608K, reserved 1048576K
}
Event: 5,125 GC heap before
{Heap before GC invocations=9 (full 1):
 PSYoungGen      total 259584K, used 14304K [0x00000000d6f80000, 0x00000000e9480000, 0x0000000100000000)
  eden space 245248K, 0% used [0x00000000d6f80000,0x00000000d6f80000,0x00000000e5f00000)
  from space 14336K, 99% used [0x00000000e7580000,0x00000000e8378390,0x00000000e8380000)
  to   space 23040K, 0% used [0x00000000e5f00000,0x00000000e5f00000,0x00000000e7580000)
 ParOldGen       total 84992K, used 31428K [0x0000000084e00000, 0x000000008a100000, 0x00000000d6f80000)
  object space 84992K, 36% used [0x0000000084e00000,0x0000000086cb12a0,0x000000008a100000)
 Metaspace       used 20739K, capacity 21258K, committed 21296K, reserved 1069056K
  class space    used 2426K, capacity 2573K, committed 2608K, reserved 1048576K
Event: 5,230 GC heap after
Heap after GC invocations=9 (full 1):
 PSYoungGen      total 259584K, used 0K [0x00000000d6f80000, 0x00000000e9480000, 0x0000000100000000)
  eden space 245248K, 0% used [0x00000000d6f80000,0x00000000d6f80000,0x00000000e5f00000)
  from space 14336K, 0% used [0x00000000e7580000,0x00000000e7580000,0x00000000e8380000)
  to   space 23040K, 0% used [0x00000000e5f00000,0x00000000e5f00000,0x00000000e7580000)
 ParOldGen       total 92160K, used 37224K [0x0000000084e00000, 0x000000008a800000, 0x00000000d6f80000)
  object space 92160K, 40% used [0x0000000084e00000,0x000000008725a1d8,0x000000008a800000)
 Metaspace       used 20739K, capacity 21258K, committed 21296K, reserved 1069056K
  class space    used 2426K, capacity 2573K, committed 2608K, reserved 1048576K
}
Event: 9,347 GC heap before
{Heap before GC invocations=10 (full 1):
 PSYoungGen      total 259584K, used 238132K [0x00000000d6f80000, 0x00000000e9480000, 0x0000000100000000)
  eden space 245248K, 97% used [0x00000000d6f80000,0x00000000e580d3d8,0x00000000e5f00000)
  from space 14336K, 0% used [0x00000000e7580000,0x00000000e7580000,0x00000000e8380000)
  to   space 23040K, 0% used [0x00000000e5f00000,0x00000000e5f00000,0x00000000e7580000)
 ParOldGen       total 92160K, used 46990K [0x0000000084e00000, 0x000000008a800000, 0x00000000d6f80000)
  object space 92160K, 50% used [0x0000000084e00000,0x0000000087be3868,0x000000008a800000)
 Metaspace       used 25662K, capacity 26314K, committed 26544K, reserved 1073152K
  class space    used 2945K, capacity 3164K, committed 3248K, reserved 1048576K

