# JRE version: Java(TM) SE Runtime Environment (8.0_181-b13) (build 1.8.0_181-b13)
# Java VM: Java HotSpot(TM) 64-Bit Server VM (25.181-b13 mixed mode linux-amd64 compressed oops)
Heap:
 PSYoungGen      total 132096K, used 5112K [0x00000000d6f80000, 0x00000000df580000, 0x0000000100000000)
  eden space 126976K, 0% used [0x00000000d6f80000,0x00000000d6f80000,0x00000000deb80000)
  from space 5120K, 99% used [0x00000000deb80000,0x00000000df07e360,0x00000000df080000)
  to   space 5120K, 0% used [0x00000000df080000,0x00000000df080000,0x00000000df580000)
 ParOldGen       total 62976K, used 20157K [0x0000000084e00000, 0x0000000088b80000, 0x00000000d6f80000)
  object space 62976K, 32% used [0x0000000084e00000,0x00000000861af428,0x0000000088b80000)
 Metaspace       used 27857K, capacity 28578K, committed 28672K, reserved 1075200K
  class space    used 3306K, capacity 3518K, committed 3584K, reserved 1048576K
GC Heap History (10 events):
Event: 0,784 GC heap after
Heap after GC invocations=1 (full 0):
 PSYoungGen      total 36864K, used 4856K [0x00000000d6f80000, 0x00000000db780000, 0x0000000100000000)
  eden space 31744K, 0% used [0x00000000d6f80000,0x00000000d6f80000,0x00000000d8e80000)
  from space 5120K, 94% used [0x00000000d8e80000,0x00000000d933e3b0,0x00000000d9380000)
  to   space 5120K, 0% used [0x00000000db280000,0x00000000db280000,0x00000000db780000)
 ParOldGen       total 84992K, used 16K [0x0000000084e00000, 0x000000008a100000, 0x00000000d6f80000)
  object space 84992K, 0% used [0x0000000084e00000,0x0000000084e04000,0x000000008a100000)
 Metaspace       used 7872K, capacity 8084K, committed 8320K, reserved 1056768K
  class space    used 990K, capacity 1054K, committed 1152K, reserved 1048576K
}
Event: 1,278 GC heap before
{Heap before GC invocations=2 (full 0):
 PSYoungGen      total 36864K, used 36600K [0x00000000d6f80000, 0x00000000db780000, 0x0000000100000000)
  eden space 31744K, 100% used [0x00000000d6f80000,0x00000000d8e80000,0x00000000d8e80000)
  from space 5120K, 94% used [0x00000000d8e80000,0x00000000d933e3b0,0x00000000d9380000)
  to   space 5120K, 0% used [0x00000000db280000,0x00000000db280000,0x00000000db780000)
 ParOldGen       total 84992K, used 16K [0x0000000084e00000, 0x000000008a100000, 0x00000000d6f80000)
  object space 84992K, 0% used [0x0000000084e00000,0x0000000084e04000,0x000000008a100000)
 Metaspace       used 13150K, capacity 13492K, committed 13824K, reserved 1060864K
  class space    used 1621K, capacity 1726K, committed 1792K, reserved 1048576K
Event: 1,282 GC heap after
Heap after GC invocations=2 (full 0):
 PSYoungGen      total 68608K, used 5101K [0x00000000d6f80000, 0x00000000db780000, 0x0000000100000000)
  eden space 63488K, 0% used [0x00000000d6f80000,0x00000000d6f80000,0x00000000dad80000)
  from space 5120K, 99% used [0x00000000db280000,0x00000000db77b4f0,0x00000000db780000)
  to   space 5120K, 0% used [0x00000000dad80000,0x00000000dad80000,0x00000000db280000)
 ParOldGen       total 84992K, used 1805K [0x0000000084e00000, 0x000000008a100000, 0x00000000d6f80000)
  object space 84992K, 2% used [0x0000000084e00000,0x0000000084fc37c8,0x000000008a100000)
 Metaspace       used 13150K, capacity 13492K, committed 13824K, reserved 1060864K
  class space    used 1621K, capacity 1726K, committed 1792K, reserved 1048576K
}
Event: 2,440 GC heap before
{Heap before GC invocations=3 (full 0):
 PSYoungGen      total 68608K, used 68589K [0x00000000d6f80000, 0x00000000db780000, 0x0000000100000000)
  eden space 63488K, 100% used [0x00000000d6f80000,0x00000000dad80000,0x00000000dad80000)
  from space 5120K, 99% used [0x00000000db280000,0x00000000db77b4f0,0x00000000db780000)
  to   space 5120K, 0% used [0x00000000dad80000,0x00000000dad80000,0x00000000db280000)
 ParOldGen       total 84992K, used 1805K [0x0000000084e00000, 0x000000008a100000, 0x00000000d6f80000)
  object space 84992K, 2% used [0x0000000084e00000,0x0000000084fc37c8,0x000000008a100000)
 Metaspace       used 18145K, capacity 18626K, committed 18816K, reserved 1064960K
  class space    used 2233K, capacity 2401K, committed 2432K, reserved 1048576K
Event: 2,450 GC heap after
Heap after GC invocations=3 (full 0):
 PSYoungGen      total 68608K, used 5088K [0x00000000d6f80000, 0x00000000df580000, 0x0000000100000000)
  eden space 63488K, 0% used [0x00000000d6f80000,0x00000000d6f80000,0x00000000dad80000)
  from space 5120K, 99% used [0x00000000dad80000,0x00000000db278020,0x00000000db280000)
  to   space 5120K, 0% used [0x00000000df080000,0x00000000df080000,0x00000000df580000)
 ParOldGen       total 84992K, used 6490K [0x0000000084e00000, 0x000000008a100000, 0x00000000d6f80000)
  object space 84992K, 7% used [0x0000000084e00000,0x0000000085456a90,0x000000008a100000)
 Metaspace       used 18145K, capacity 18626K, committed 18816K, reserved 1064960K
  class space    used 2233K, capacity 2401K, committed 2432K, reserved 1048576K
}
Event: 2,946 GC heap before
{Heap before GC invocations=4 (full 0):
 PSYoungGen      total 68608K, used 53573K [0x00000000d6f80000, 0x00000000df580000, 0x0000000100000000)
  eden space 63488K, 76% used [0x00000000d6f80000,0x00000000d9ed9648,0x00000000dad80000)
  from space 5120K, 99% used [0x00000000dad80000,0x00000000db278020,0x00000000db280000)
  to   space 5120K, 0% used [0x00000000df080000,0x00000000df080000,0x00000000df580000)
 ParOldGen       total 84992K, used 6490K [0x0000000084e00000, 0x000000008a100000, 0x00000000d6f80000)
  object space 84992K, 7% used [0x0000000084e00000,0x0000000085456a90,0x000000008a100000)
 Metaspace       used 20466K, capacity 21070K, committed 21248K, reserved 1067008K
  class space    used 2513K, capacity 2705K, committed 2816K, reserved 1048576K
Event: 2,960 GC heap after
Heap after GC invocations=4 (full 0):
 PSYoungGen      total 132096K, used 5104K [0x00000000d6f80000, 0x00000000df580000, 0x0000000100000000)
  eden space 126976K, 0% used [0x00000000d6f80000,0x00000000d6f80000,0x00000000deb80000)
  from space 5120K, 99% used [0x00000000df080000,0x00000000df57c010,0x00000000df580000)
  to   space 5120K, 0% used [0x00000000deb80000,0x00000000deb80000,0x00000000df080000)
 ParOldGen       total 84992K, used 9437K [0x0000000084e00000, 0x000000008a100000, 0x00000000d6f80000)
  object space 84992K, 11% used [0x0000000084e00000,0x0000000085737460,0x000000008a100000)
 Metaspace       used 20466K, capacity 21070K, committed 21248K, reserved 1067008K
  class space    used 2513K, capacity 2705K, committed 2816K, reserved 1048576K
}
Event: 2,960 GC heap before
{Heap before GC invocations=5 (full 1):
 PSYoungGen      total 132096K, used 5104K [0x00000000d6f80000, 0x00000000df580000, 0x0000000100000000)
  eden space 126976K, 0% used [0x00000000d6f80000,0x00000000d6f80000,0x00000000deb80000)
  from space 5120K, 99% used [0x00000000df080000,0x00000000df57c010,0x00000000df580000)
  to   space 5120K, 0% used [0x00000000deb80000,0x00000000deb80000,0x00000000df080000)
 ParOldGen       total 84992K, used 9437K [0x0000000084e00000, 0x000000008a100000, 0x00000000d6f80000)
  object space 84992K, 11% used [0x0000000084e00000,0x0000000085737460,0x000000008a100000)
 Metaspace       used 20466K, capacity 21070K, committed 21248K, reserved 1067008K
  class space    used 2513K, capacity 2705K, committed 2816K, reserved 1048576K
Event: 3,003 GC heap after
Heap after GC invocations=5 (full 1):
 PSYoungGen      total 132096K, used 0K [0x00000000d6f80000, 0x00000000df580000, 0x0000000100000000)
  eden space 126976K, 0% used [0x00000000d6f80000,0x00000000d6f80000,0x00000000deb80000)
  from space 5120K, 0% used [0x00000000df080000,0x00000000df080000,0x00000000df580000)
  to   space 5120K, 0% used [0x00000000deb80000,0x00000000deb80000,0x00000000df080000)
 ParOldGen       total 62976K, used 9967K [0x0000000084e00000, 0x0000000088b80000, 0x00000000d6f80000)
  object space 62976K, 15% used [0x0000000084e00000,0x00000000857bbcc0,0x0000000088b80000)
 Metaspace       used 20466K, capacity 21070K, committed 21248K, reserved 1067008K
  class space    used 2513K, capacity 2705K, committed 2816K, reserved 1048576K
}
Event: 5,687 GC heap before
{Heap before GC invocations=6 (full 1):
 PSYoungGen      total 132096K, used 126976K [0x00000000d6f80000, 0x00000000df580000, 0x0000000100000000)
  eden space 126976K, 100% used [0x00000000d6f80000,0x00000000deb80000,0x00000000deb80000)
  from space 5120K, 0% used [0x00000000df080000,0x00000000df080000,0x00000000df580000)
  to   space 5120K, 0% used [0x00000000deb80000,0x00000000deb80000,0x00000000df080000)
 ParOldGen       total 62976K, used 9967K [0x0000000084e00000, 0x0000000088b80000, 0x00000000d6f80000)
  object space 62976K, 15% used [0x0000000084e00000,0x00000000857bbcc0,0x0000000088b80000)
 Metaspace       used 27857K, capacity 28578K, committed 28672K, reserved 1075200K
  class space    used 3306K, capacity 3518K, committed 3584K, reserved 1048576K

