# JRE version: Java(TM) SE Runtime Environment (8.0_171-b11) (build 1.8.0_171-b11)
# Java VM: Java HotSpot(TM) 64-Bit Server VM (25.171-b11 mixed mode linux-amd64 compressed oops)
Heap:
 PSYoungGen      total 274432K, used 20477K [0x00000000d6f80000, 0x00000000e8f80000, 0x0000000100000000)
  eden space 253952K, 0% used [0x00000000d6f80000,0x00000000d6f80000,0x00000000e6780000)
  from space 20480K, 99% used [0x00000000e6780000,0x00000000e7b7f7f8,0x00000000e7b80000)
  to   space 19456K, 0% used [0x00000000e7c80000,0x00000000e7c80000,0x00000000e8f80000)
 ParOldGen       total 154112K, used 153794K [0x0000000084e00000, 0x000000008e480000, 0x00000000d6f80000)
  object space 154112K, 99% used [0x0000000084e00000,0x000000008e4308f0,0x000000008e480000)
 Metaspace       used 25513K, capacity 26250K, committed 26496K, reserved 1073152K
  class space    used 2941K, capacity 3164K, committed 3200K, reserved 1048576K
GC Heap History (10 events):
Event: 2,504 GC heap after
Heap after GC invocations=5 (full 0):
 PSYoungGen      total 68608K, used 5104K [0x00000000d6f80000, 0x00000000dfd80000, 0x0000000100000000)
  eden space 63488K, 0% used [0x00000000d6f80000,0x00000000d6f80000,0x00000000dad80000)
  from space 5120K, 99% used [0x00000000dad80000,0x00000000db27c030,0x00000000db280000)
  to   space 9216K, 0% used [0x00000000df480000,0x00000000df480000,0x00000000dfd80000)
 ParOldGen       total 84992K, used 7797K [0x0000000084e00000, 0x000000008a100000, 0x00000000d6f80000)
  object space 84992K, 9% used [0x0000000084e00000,0x000000008559d7c8,0x000000008a100000)
 Metaspace       used 14054K, capacity 14446K, committed 14592K, reserved 1062912K
  class space    used 1658K, capacity 1773K, committed 1792K, reserved 1048576K
}
Event: 3,049 GC heap before
{Heap before GC invocations=6 (full 0):
 PSYoungGen      total 68608K, used 68592K [0x00000000d6f80000, 0x00000000dfd80000, 0x0000000100000000)
  eden space 63488K, 100% used [0x00000000d6f80000,0x00000000dad80000,0x00000000dad80000)
  from space 5120K, 99% used [0x00000000dad80000,0x00000000db27c030,0x00000000db280000)
  to   space 9216K, 0% used [0x00000000df480000,0x00000000df480000,0x00000000dfd80000)
 ParOldGen       total 84992K, used 7797K [0x0000000084e00000, 0x000000008a100000, 0x00000000d6f80000)
  object space 84992K, 9% used [0x0000000084e00000,0x000000008559d7c8,0x000000008a100000)
 Metaspace       used 14701K, capacity 15078K, committed 15232K, reserved 1062912K
  class space    used 1725K, capacity 1813K, committed 1920K, reserved 1048576K
Event: 3,057 GC heap after
Heap after GC invocations=6 (full 0):
 PSYoungGen      total 136192K, used 7568K [0x00000000d6f80000, 0x00000000dfd80000, 0x0000000100000000)
  eden space 126976K, 0% used [0x00000000d6f80000,0x00000000d6f80000,0x00000000deb80000)
  from space 9216K, 82% used [0x00000000df480000,0x00000000dfbe4010,0x00000000dfd80000)
  to   space 9216K, 0% used [0x00000000deb80000,0x00000000deb80000,0x00000000df480000)
 ParOldGen       total 84992K, used 7805K [0x0000000084e00000, 0x000000008a100000, 0x00000000d6f80000)
  object space 84992K, 9% used [0x0000000084e00000,0x000000008559f7c8,0x000000008a100000)
 Metaspace       used 14701K, capacity 15078K, committed 15232K, reserved 1062912K
  class space    used 1725K, capacity 1813K, committed 1920K, reserved 1048576K
}
Event: 4,126 GC heap before
{Heap before GC invocations=7 (full 0):
 PSYoungGen      total 136192K, used 134544K [0x00000000d6f80000, 0x00000000dfd80000, 0x0000000100000000)
  eden space 126976K, 100% used [0x00000000d6f80000,0x00000000deb80000,0x00000000deb80000)
  from space 9216K, 82% used [0x00000000df480000,0x00000000dfbe4010,0x00000000dfd80000)
  to   space 9216K, 0% used [0x00000000deb80000,0x00000000deb80000,0x00000000df480000)
 ParOldGen       total 84992K, used 7805K [0x0000000084e00000, 0x000000008a100000, 0x00000000d6f80000)
  object space 84992K, 9% used [0x0000000084e00000,0x000000008559f7c8,0x000000008a100000)
 Metaspace       used 19697K, capacity 20234K, committed 20480K, reserved 1067008K
  class space    used 2337K, capacity 2445K, committed 2560K, reserved 1048576K
Event: 4,160 GC heap after
Heap after GC invocations=7 (full 0):
 PSYoungGen      total 136192K, used 9202K [0x00000000d6f80000, 0x00000000e9180000, 0x0000000100000000)
  eden space 126976K, 0% used [0x00000000d6f80000,0x00000000d6f80000,0x00000000deb80000)
  from space 9216K, 99% used [0x00000000deb80000,0x00000000df47c830,0x00000000df480000)
  to   space 21504K, 0% used [0x00000000e7c80000,0x00000000e7c80000,0x00000000e9180000)
 ParOldGen       total 84992K, used 30830K [0x0000000084e00000, 0x000000008a100000, 0x00000000d6f80000)
  object space 84992K, 36% used [0x0000000084e00000,0x0000000086c1b890,0x000000008a100000)
 Metaspace       used 19697K, capacity 20234K, committed 20480K, reserved 1067008K
  class space    used 2337K, capacity 2445K, committed 2560K, reserved 1048576K
}
Event: 4,472 GC heap before
{Heap before GC invocations=8 (full 0):
 PSYoungGen      total 136192K, used 26962K [0x00000000d6f80000, 0x00000000e9180000, 0x0000000100000000)
  eden space 126976K, 13% used [0x00000000d6f80000,0x00000000d80d8368,0x00000000deb80000)
  from space 9216K, 99% used [0x00000000deb80000,0x00000000df47c830,0x00000000df480000)
  to   space 21504K, 0% used [0x00000000e7c80000,0x00000000e7c80000,0x00000000e9180000)
 ParOldGen       total 84992K, used 30830K [0x0000000084e00000, 0x000000008a100000, 0x00000000d6f80000)
  object space 84992K, 36% used [0x0000000084e00000,0x0000000086c1b890,0x000000008a100000)
 Metaspace       used 20651K, capacity 21130K, committed 21296K, reserved 1069056K
  class space    used 2442K, capacity 2573K, committed 2688K, reserved 1048576K
Event: 4,478 GC heap after
Heap after GC invocations=8 (full 0):
 PSYoungGen      total 273408K, used 9261K [0x00000000d6f80000, 0x00000000e8f80000, 0x0000000100000000)
  eden space 253952K, 0% used [0x00000000d6f80000,0x00000000d6f80000,0x00000000e6780000)
  from space 19456K, 47% used [0x00000000e7c80000,0x00000000e858b490,0x00000000e8f80000)
  to   space 20480K, 0% used [0x00000000e6780000,0x00000000e6780000,0x00000000e7b80000)
 ParOldGen       total 84992K, used 32238K [0x0000000084e00000, 0x000000008a100000, 0x00000000d6f80000)
  object space 84992K, 37% used [0x0000000084e00000,0x0000000086d7b890,0x000000008a100000)
 Metaspace       used 20651K, capacity 21130K, committed 21296K, reserved 1069056K
  class space    used 2442K, capacity 2573K, committed 2688K, reserved 1048576K
}
Event: 4,478 GC heap before
{Heap before GC invocations=9 (full 1):
 PSYoungGen      total 273408K, used 9261K [0x00000000d6f80000, 0x00000000e8f80000, 0x0000000100000000)
  eden space 253952K, 0% used [0x00000000d6f80000,0x00000000d6f80000,0x00000000e6780000)
  from space 19456K, 47% used [0x00000000e7c80000,0x00000000e858b490,0x00000000e8f80000)
  to   space 20480K, 0% used [0x00000000e6780000,0x00000000e6780000,0x00000000e7b80000)
 ParOldGen       total 84992K, used 32238K [0x0000000084e00000, 0x000000008a100000, 0x00000000d6f80000)
  object space 84992K, 37% used [0x0000000084e00000,0x0000000086d7b890,0x000000008a100000)
 Metaspace       used 20651K, capacity 21130K, committed 21296K, reserved 1069056K
  class space    used 2442K, capacity 2573K, committed 2688K, reserved 1048576K
Event: 4,553 GC heap after
Heap after GC invocations=9 (full 1):
 PSYoungGen      total 273408K, used 0K [0x00000000d6f80000, 0x00000000e8f80000, 0x0000000100000000)
  eden space 253952K, 0% used [0x00000000d6f80000,0x00000000d6f80000,0x00000000e6780000)
  from space 19456K, 0% used [0x00000000e7c80000,0x00000000e7c80000,0x00000000e8f80000)
  to   space 20480K, 0% used [0x00000000e6780000,0x00000000e6780000,0x00000000e7b80000)
 ParOldGen       total 93696K, used 33300K [0x0000000084e00000, 0x000000008a980000, 0x00000000d6f80000)
  object space 93696K, 35% used [0x0000000084e00000,0x0000000086e853d8,0x000000008a980000)
 Metaspace       used 20651K, capacity 21130K, committed 21296K, reserved 1069056K
  class space    used 2442K, capacity 2573K, committed 2688K, reserved 1048576K
}
Event: 7,717 GC heap before
{Heap before GC invocations=10 (full 1):
 PSYoungGen      total 273408K, used 248929K [0x00000000d6f80000, 0x00000000e8f80000, 0x0000000100000000)
  eden space 253952K, 98% used [0x00000000d6f80000,0x00000000e62984c8,0x00000000e6780000)
  from space 19456K, 0% used [0x00000000e7c80000,0x00000000e7c80000,0x00000000e8f80000)
  to   space 20480K, 0% used [0x00000000e6780000,0x00000000e6780000,0x00000000e7b80000)
 ParOldGen       total 93696K, used 43066K [0x0000000084e00000, 0x000000008a980000, 0x00000000d6f80000)
  object space 93696K, 45% used [0x0000000084e00000,0x000000008780ea68,0x000000008a980000)
 Metaspace       used 25513K, capacity 26250K, committed 26496K, reserved 1073152K
  class space    used 2941K, capacity 3164K, committed 3200K, reserved 1048576K

