# JRE version: Java(TM) SE Runtime Environment (8.0_181-b13) (build 1.8.0_181-b13)
# Java VM: Java HotSpot(TM) 64-Bit Server VM (25.181-b13 mixed mode linux-amd64 compressed oops)
Heap:
 PSYoungGen      total 270336K, used 21500K [0x00000000d6f80000, 0x00000000e9180000, 0x0000000100000000)
  eden space 248832K, 0% used [0x00000000d6f80000,0x00000000d6f80000,0x00000000e6280000)
  from space 21504K, 99% used [0x00000000e6280000,0x00000000e777f230,0x00000000e7780000)
  to   space 16384K, 0% used [0x00000000e7780000,0x00000000e7780000,0x00000000e8780000)
 ParOldGen       total 130560K, used 130135K [0x0000000084e00000, 0x000000008cd80000, 0x00000000d6f80000)
  object space 130560K, 99% used [0x0000000084e00000,0x000000008cd15ce8,0x000000008cd80000)
 Metaspace       used 25538K, capacity 26250K, committed 26544K, reserved 1073152K
  class space    used 2944K, capacity 3164K, committed 3248K, reserved 1048576K
GC Heap History (10 events):
Event: 1,637 GC heap after
Heap after GC invocations=5 (full 0):
 PSYoungGen      total 68608K, used 5088K [0x00000000d6f80000, 0x00000000dfd80000, 0x0000000100000000)
  eden space 63488K, 0% used [0x00000000d6f80000,0x00000000d6f80000,0x00000000dad80000)
  from space 5120K, 99% used [0x00000000dad80000,0x00000000db278020,0x00000000db280000)
  to   space 9216K, 0% used [0x00000000df480000,0x00000000df480000,0x00000000dfd80000)
 ParOldGen       total 84992K, used 7863K [0x0000000084e00000, 0x000000008a100000, 0x00000000d6f80000)
  object space 84992K, 9% used [0x0000000084e00000,0x00000000855adee8,0x000000008a100000)
 Metaspace       used 14048K, capacity 14446K, committed 14592K, reserved 1062912K
  class space    used 1658K, capacity 1773K, committed 1792K, reserved 1048576K
}
Event: 1,927 GC heap before
{Heap before GC invocations=6 (full 0):
 PSYoungGen      total 68608K, used 68576K [0x00000000d6f80000, 0x00000000dfd80000, 0x0000000100000000)
  eden space 63488K, 100% used [0x00000000d6f80000,0x00000000dad80000,0x00000000dad80000)
  from space 5120K, 99% used [0x00000000dad80000,0x00000000db278020,0x00000000db280000)
  to   space 9216K, 0% used [0x00000000df480000,0x00000000df480000,0x00000000dfd80000)
 ParOldGen       total 84992K, used 7863K [0x0000000084e00000, 0x000000008a100000, 0x00000000d6f80000)
  object space 84992K, 9% used [0x0000000084e00000,0x00000000855adee8,0x000000008a100000)
 Metaspace       used 14365K, capacity 14766K, committed 14848K, reserved 1062912K
  class space    used 1669K, capacity 1773K, committed 1792K, reserved 1048576K
Event: 1,934 GC heap after
Heap after GC invocations=6 (full 0):
 PSYoungGen      total 136192K, used 7232K [0x00000000d6f80000, 0x00000000dfd80000, 0x0000000100000000)
  eden space 126976K, 0% used [0x00000000d6f80000,0x00000000d6f80000,0x00000000deb80000)
  from space 9216K, 78% used [0x00000000df480000,0x00000000dfb90000,0x00000000dfd80000)
  to   space 9216K, 0% used [0x00000000deb80000,0x00000000deb80000,0x00000000df480000)
 ParOldGen       total 84992K, used 7871K [0x0000000084e00000, 0x000000008a100000, 0x00000000d6f80000)
  object space 84992K, 9% used [0x0000000084e00000,0x00000000855afee8,0x000000008a100000)
 Metaspace       used 14365K, capacity 14766K, committed 14848K, reserved 1062912K
  class space    used 1669K, capacity 1773K, committed 1792K, reserved 1048576K
}
Event: 2,954 GC heap before
{Heap before GC invocations=7 (full 0):
 PSYoungGen      total 136192K, used 134208K [0x00000000d6f80000, 0x00000000dfd80000, 0x0000000100000000)
  eden space 126976K, 100% used [0x00000000d6f80000,0x00000000deb80000,0x00000000deb80000)
  from space 9216K, 78% used [0x00000000df480000,0x00000000dfb90000,0x00000000dfd80000)
  to   space 9216K, 0% used [0x00000000deb80000,0x00000000deb80000,0x00000000df480000)
 ParOldGen       total 84992K, used 7871K [0x0000000084e00000, 0x000000008a100000, 0x00000000d6f80000)
  object space 84992K, 9% used [0x0000000084e00000,0x00000000855afee8,0x000000008a100000)
 Metaspace       used 19669K, capacity 20170K, committed 20480K, reserved 1067008K
  class space    used 2331K, capacity 2445K, committed 2560K, reserved 1048576K
Event: 2,973 GC heap after
Heap after GC invocations=7 (full 0):
 PSYoungGen      total 136192K, used 9193K [0x00000000d6f80000, 0x00000000e8780000, 0x0000000100000000)
  eden space 126976K, 0% used [0x00000000d6f80000,0x00000000d6f80000,0x00000000deb80000)
  from space 9216K, 99% used [0x00000000deb80000,0x00000000df47a678,0x00000000df480000)
  to   space 16384K, 0% used [0x00000000e7780000,0x00000000e7780000,0x00000000e8780000)
 ParOldGen       total 84992K, used 20722K [0x0000000084e00000, 0x000000008a100000, 0x00000000d6f80000)
  object space 84992K, 24% used [0x0000000084e00000,0x000000008623c9a0,0x000000008a100000)
 Metaspace       used 19669K, capacity 20170K, committed 20480K, reserved 1067008K
  class space    used 2331K, capacity 2445K, committed 2560K, reserved 1048576K
}
Event: 3,310 GC heap before
{Heap before GC invocations=8 (full 0):
 PSYoungGen      total 136192K, used 52494K [0x00000000d6f80000, 0x00000000e8780000, 0x0000000100000000)
  eden space 126976K, 34% used [0x00000000d6f80000,0x00000000d99c9210,0x00000000deb80000)
  from space 9216K, 99% used [0x00000000deb80000,0x00000000df47a678,0x00000000df480000)
  to   space 16384K, 0% used [0x00000000e7780000,0x00000000e7780000,0x00000000e8780000)
 ParOldGen       total 84992K, used 20722K [0x0000000084e00000, 0x000000008a100000, 0x00000000d6f80000)
  object space 84992K, 24% used [0x0000000084e00000,0x000000008623c9a0,0x000000008a100000)
 Metaspace       used 20726K, capacity 21258K, committed 21296K, reserved 1069056K
  class space    used 2446K, capacity 2573K, committed 2608K, reserved 1048576K
Event: 3,322 GC heap after
Heap after GC invocations=8 (full 0):
 PSYoungGen      total 265216K, used 16370K [0x00000000d6f80000, 0x00000000e9180000, 0x0000000100000000)
  eden space 248832K, 0% used [0x00000000d6f80000,0x00000000d6f80000,0x00000000e6280000)
  from space 16384K, 99% used [0x00000000e7780000,0x00000000e877c820,0x00000000e8780000)
  to   space 21504K, 0% used [0x00000000e6280000,0x00000000e6280000,0x00000000e7780000)
 ParOldGen       total 84992K, used 27204K [0x0000000084e00000, 0x000000008a100000, 0x00000000d6f80000)
  object space 84992K, 32% used [0x0000000084e00000,0x0000000086891140,0x000000008a100000)
 Metaspace       used 20726K, capacity 21258K, committed 21296K, reserved 1069056K
  class space    used 2446K, capacity 2573K, committed 2608K, reserved 1048576K
}
Event: 3,322 GC heap before
{Heap before GC invocations=9 (full 1):
 PSYoungGen      total 265216K, used 16370K [0x00000000d6f80000, 0x00000000e9180000, 0x0000000100000000)
  eden space 248832K, 0% used [0x00000000d6f80000,0x00000000d6f80000,0x00000000e6280000)
  from space 16384K, 99% used [0x00000000e7780000,0x00000000e877c820,0x00000000e8780000)
  to   space 21504K, 0% used [0x00000000e6280000,0x00000000e6280000,0x00000000e7780000)
 ParOldGen       total 84992K, used 27204K [0x0000000084e00000, 0x000000008a100000, 0x00000000d6f80000)
  object space 84992K, 32% used [0x0000000084e00000,0x0000000086891140,0x000000008a100000)
 Metaspace       used 20726K, capacity 21258K, committed 21296K, reserved 1069056K
  class space    used 2446K, capacity 2573K, committed 2608K, reserved 1048576K
Event: 3,393 GC heap after
Heap after GC invocations=9 (full 1):
 PSYoungGen      total 265216K, used 0K [0x00000000d6f80000, 0x00000000e9180000, 0x0000000100000000)
  eden space 248832K, 0% used [0x00000000d6f80000,0x00000000d6f80000,0x00000000e6280000)
  from space 16384K, 0% used [0x00000000e7780000,0x00000000e7780000,0x00000000e8780000)
  to   space 21504K, 0% used [0x00000000e6280000,0x00000000e6280000,0x00000000e7780000)
 ParOldGen       total 92160K, used 35030K [0x0000000084e00000, 0x000000008a800000, 0x00000000d6f80000)
  object space 92160K, 38% used [0x0000000084e00000,0x0000000087035a68,0x000000008a800000)
 Metaspace       used 20726K, capacity 21258K, committed 21296K, reserved 1069056K
  class space    used 2446K, capacity 2573K, committed 2608K, reserved 1048576K
}
Event: 6,539 GC heap before
{Heap before GC invocations=10 (full 1):
 PSYoungGen      total 265216K, used 247209K [0x00000000d6f80000, 0x00000000e9180000, 0x0000000100000000)
  eden space 248832K, 99% used [0x00000000d6f80000,0x00000000e60ea690,0x00000000e6280000)
  from space 16384K, 0% used [0x00000000e7780000,0x00000000e7780000,0x00000000e8780000)
  to   space 21504K, 0% used [0x00000000e6280000,0x00000000e6280000,0x00000000e7780000)
 ParOldGen       total 92160K, used 44796K [0x0000000084e00000, 0x000000008a800000, 0x00000000d6f80000)
  object space 92160K, 48% used [0x0000000084e00000,0x00000000879bf0f8,0x000000008a800000)
 Metaspace       used 25538K, capacity 26250K, committed 26544K, reserved 1073152K
  class space    used 2944K, capacity 3164K, committed 3248K, reserved 1048576K

