# JRE version: Java(TM) SE Runtime Environment (8.0_181-b13) (build 1.8.0_181-b13)
# Java VM: Java HotSpot(TM) 64-Bit Server VM (25.181-b13 mixed mode linux-amd64 compressed oops)
Heap:
 PSYoungGen      total 136192K, used 9711K [0x00000000d6f80000, 0x00000000dfe80000, 0x0000000100000000)
  eden space 126464K, 0% used [0x00000000d6f80000,0x00000000d6f80000,0x00000000deb00000)
  from space 9728K, 99% used [0x00000000deb00000,0x00000000df47bca0,0x00000000df480000)
  to   space 9216K, 0% used [0x00000000df480000,0x00000000df480000,0x00000000dfd80000)
 ParOldGen       total 84992K, used 16389K [0x0000000084e00000, 0x000000008a100000, 0x00000000d6f80000)
  object space 84992K, 19% used [0x0000000084e00000,0x0000000085e01498,0x000000008a100000)
 Metaspace       used 19673K, capacity 20266K, committed 20480K, reserved 1067008K
  class space    used 2331K, capacity 2477K, committed 2560K, reserved 1048576K
GC Heap History (10 events):
Event: 0,892 GC heap after
Heap after GC invocations=2 (full 0):
 PSYoungGen      total 36864K, used 5107K [0x00000000d6f80000, 0x00000000d9880000, 0x0000000100000000)
  eden space 31744K, 0% used [0x00000000d6f80000,0x00000000d6f80000,0x00000000d8e80000)
  from space 5120K, 99% used [0x00000000d9380000,0x00000000d987cff0,0x00000000d9880000)
  to   space 5120K, 0% used [0x00000000d8e80000,0x00000000d8e80000,0x00000000d9380000)
 ParOldGen       total 84992K, used 1578K [0x0000000084e00000, 0x000000008a100000, 0x00000000d6f80000)
  object space 84992K, 1% used [0x0000000084e00000,0x0000000084f8ab00,0x000000008a100000)
 Metaspace       used 13031K, capacity 13426K, committed 13568K, reserved 1060864K
  class space    used 1607K, capacity 1724K, committed 1792K, reserved 1048576K
}
Event: 1,236 GC heap before
{Heap before GC invocations=3 (full 0):
 PSYoungGen      total 36864K, used 36851K [0x00000000d6f80000, 0x00000000d9880000, 0x0000000100000000)
  eden space 31744K, 100% used [0x00000000d6f80000,0x00000000d8e80000,0x00000000d8e80000)
  from space 5120K, 99% used [0x00000000d9380000,0x00000000d987cff0,0x00000000d9880000)
  to   space 5120K, 0% used [0x00000000d8e80000,0x00000000d8e80000,0x00000000d9380000)
 ParOldGen       total 84992K, used 1578K [0x0000000084e00000, 0x000000008a100000, 0x00000000d6f80000)
  object space 84992K, 1% used [0x0000000084e00000,0x0000000084f8ab00,0x000000008a100000)
 Metaspace       used 13529K, capacity 13938K, committed 14080K, reserved 1060864K
  class space    used 1643K, capacity 1763K, committed 1792K, reserved 1048576K
Event: 1,241 GC heap after
Heap after GC invocations=3 (full 0):
 PSYoungGen      total 36864K, used 5104K [0x00000000d6f80000, 0x00000000db780000, 0x0000000100000000)
  eden space 31744K, 0% used [0x00000000d6f80000,0x00000000d6f80000,0x00000000d8e80000)
  from space 5120K, 99% used [0x00000000d8e80000,0x00000000d937c010,0x00000000d9380000)
  to   space 5120K, 0% used [0x00000000db280000,0x00000000db280000,0x00000000db780000)
 ParOldGen       total 84992K, used 2770K [0x0000000084e00000, 0x000000008a100000, 0x00000000d6f80000)
  object space 84992K, 3% used [0x0000000084e00000,0x00000000850b4aa0,0x000000008a100000)
 Metaspace       used 13529K, capacity 13938K, committed 14080K, reserved 1060864K
  class space    used 1643K, capacity 1763K, committed 1792K, reserved 1048576K
}
Event: 1,552 GC heap before
{Heap before GC invocations=4 (full 0):
 PSYoungGen      total 36864K, used 36848K [0x00000000d6f80000, 0x00000000db780000, 0x0000000100000000)
  eden space 31744K, 100% used [0x00000000d6f80000,0x00000000d8e80000,0x00000000d8e80000)
  from space 5120K, 99% used [0x00000000d8e80000,0x00000000d937c010,0x00000000d9380000)
  to   space 5120K, 0% used [0x00000000db280000,0x00000000db280000,0x00000000db780000)
 ParOldGen       total 84992K, used 2770K [0x0000000084e00000, 0x000000008a100000, 0x00000000d6f80000)
  object space 84992K, 3% used [0x0000000084e00000,0x00000000850b4aa0,0x000000008a100000)
 Metaspace       used 13725K, capacity 14096K, committed 14336K, reserved 1062912K
  class space    used 1648K, capacity 1768K, committed 1792K, reserved 1048576K
Event: 1,558 GC heap after
Heap after GC invocations=4 (full 0):
 PSYoungGen      total 68608K, used 5104K [0x00000000d6f80000, 0x00000000db780000, 0x0000000100000000)
  eden space 63488K, 0% used [0x00000000d6f80000,0x00000000d6f80000,0x00000000dad80000)
  from space 5120K, 99% used [0x00000000db280000,0x00000000db77c030,0x00000000db780000)
  to   space 5120K, 0% used [0x00000000dad80000,0x00000000dad80000,0x00000000db280000)
 ParOldGen       total 84992K, used 4450K [0x0000000084e00000, 0x000000008a100000, 0x00000000d6f80000)
  object space 84992K, 5% used [0x0000000084e00000,0x0000000085258aa0,0x000000008a100000)
 Metaspace       used 13725K, capacity 14096K, committed 14336K, reserved 1062912K
  class space    used 1648K, capacity 1768K, committed 1792K, reserved 1048576K
}
Event: 1,922 GC heap before
{Heap before GC invocations=5 (full 0):
 PSYoungGen      total 68608K, used 68592K [0x00000000d6f80000, 0x00000000db780000, 0x0000000100000000)
  eden space 63488K, 100% used [0x00000000d6f80000,0x00000000dad80000,0x00000000dad80000)
  from space 5120K, 99% used [0x00000000db280000,0x00000000db77c030,0x00000000db780000)
  to   space 5120K, 0% used [0x00000000dad80000,0x00000000dad80000,0x00000000db280000)
 ParOldGen       total 84992K, used 4450K [0x0000000084e00000, 0x000000008a100000, 0x00000000d6f80000)
  object space 84992K, 5% used [0x0000000084e00000,0x0000000085258aa0,0x000000008a100000)
 Metaspace       used 14036K, capacity 14440K, committed 14592K, reserved 1062912K
  class space    used 1658K, capacity 1772K, committed 1792K, reserved 1048576K
Event: 1,932 GC heap after
Heap after GC invocations=5 (full 0):
 PSYoungGen      total 68608K, used 5088K [0x00000000d6f80000, 0x00000000dfd80000, 0x0000000100000000)
  eden space 63488K, 0% used [0x00000000d6f80000,0x00000000d6f80000,0x00000000dad80000)
  from space 5120K, 99% used [0x00000000dad80000,0x00000000db278020,0x00000000db280000)
  to   space 9216K, 0% used [0x00000000df480000,0x00000000df480000,0x00000000dfd80000)
 ParOldGen       total 84992K, used 7702K [0x0000000084e00000, 0x000000008a100000, 0x00000000d6f80000)
  object space 84992K, 9% used [0x0000000084e00000,0x0000000085585888,0x000000008a100000)
 Metaspace       used 14036K, capacity 14440K, committed 14592K, reserved 1062912K
  class space    used 1658K, capacity 1772K, committed 1792K, reserved 1048576K
}
Event: 2,356 GC heap before
{Heap before GC invocations=6 (full 0):
 PSYoungGen      total 68608K, used 68576K [0x00000000d6f80000, 0x00000000dfd80000, 0x0000000100000000)
  eden space 63488K, 100% used [0x00000000d6f80000,0x00000000dad80000,0x00000000dad80000)
  from space 5120K, 99% used [0x00000000dad80000,0x00000000db278020,0x00000000db280000)
  to   space 9216K, 0% used [0x00000000df480000,0x00000000df480000,0x00000000dfd80000)
 ParOldGen       total 84992K, used 7702K [0x0000000084e00000, 0x000000008a100000, 0x00000000d6f80000)
  object space 84992K, 9% used [0x0000000084e00000,0x0000000085585888,0x000000008a100000)
 Metaspace       used 14333K, capacity 14766K, committed 14848K, reserved 1062912K
  class space    used 1668K, capacity 1773K, committed 1792K, reserved 1048576K
Event: 2,364 GC heap after
Heap after GC invocations=6 (full 0):
 PSYoungGen      total 135680K, used 7776K [0x00000000d6f80000, 0x00000000dfe80000, 0x0000000100000000)
  eden space 126464K, 0% used [0x00000000d6f80000,0x00000000d6f80000,0x00000000deb00000)
  from space 9216K, 84% used [0x00000000df480000,0x00000000dfc18040,0x00000000dfd80000)
  to   space 9728K, 0% used [0x00000000deb00000,0x00000000deb00000,0x00000000df480000)
 ParOldGen       total 84992K, used 7710K [0x0000000084e00000, 0x000000008a100000, 0x00000000d6f80000)
  object space 84992K, 9% used [0x0000000084e00000,0x0000000085587888,0x000000008a100000)
 Metaspace       used 14333K, capacity 14766K, committed 14848K, reserved 1062912K
  class space    used 1668K, capacity 1773K, committed 1792K, reserved 1048576K
}
Event: 3,457 GC heap before
{Heap before GC invocations=7 (full 0):
 PSYoungGen      total 135680K, used 133843K [0x00000000d6f80000, 0x00000000dfe80000, 0x0000000100000000)
  eden space 126464K, 99% used [0x00000000d6f80000,0x00000000dea9ce40,0x00000000deb00000)
  from space 9216K, 84% used [0x00000000df480000,0x00000000dfc18040,0x00000000dfd80000)
  to   space 9728K, 0% used [0x00000000deb00000,0x00000000deb00000,0x00000000df480000)
 ParOldGen       total 84992K, used 7710K [0x0000000084e00000, 0x000000008a100000, 0x00000000d6f80000)
  object space 84992K, 9% used [0x0000000084e00000,0x0000000085587888,0x000000008a100000)
 Metaspace       used 19673K, capacity 20266K, committed 20480K, reserved 1067008K
  class space    used 2331K, capacity 2477K, committed 2560K, reserved 1048576K

