# JRE version: Java(TM) SE Runtime Environment (8.0_171-b11) (build 1.8.0_171-b11)
# Java VM: Java HotSpot(TM) 64-Bit Server VM (25.171-b11 mixed mode linux-amd64 compressed oops)
Heap:
 PSYoungGen      total 274432K, used 20460K [0x00000000d6f80000, 0x00000000e8f80000, 0x0000000100000000)
  eden space 253952K, 0% used [0x00000000d6f80000,0x00000000d6f80000,0x00000000e6780000)
  from space 20480K, 99% used [0x00000000e6780000,0x00000000e7b7b030,0x00000000e7b80000)
  to   space 19456K, 0% used [0x00000000e7c80000,0x00000000e7c80000,0x00000000e8f80000)
 ParOldGen       total 160256K, used 160000K [0x0000000084e00000, 0x000000008ea80000, 0x00000000d6f80000)
  object space 160256K, 99% used [0x0000000084e00000,0x000000008ea40008,0x000000008ea80000)
 Metaspace       used 25530K, capacity 26250K, committed 26496K, reserved 1073152K
  class space    used 2943K, capacity 3164K, committed 3200K, reserved 1048576K
GC Heap History (10 events):
Event: 1,946 GC heap after
Heap after GC invocations=5 (full 0):
 PSYoungGen      total 68608K, used 5088K [0x00000000d6f80000, 0x00000000dfd80000, 0x0000000100000000)
  eden space 63488K, 0% used [0x00000000d6f80000,0x00000000d6f80000,0x00000000dad80000)
  from space 5120K, 99% used [0x00000000dad80000,0x00000000db278020,0x00000000db280000)
  to   space 9216K, 0% used [0x00000000df480000,0x00000000df480000,0x00000000dfd80000)
 ParOldGen       total 84992K, used 7657K [0x0000000084e00000, 0x000000008a100000, 0x00000000d6f80000)
  object space 84992K, 9% used [0x0000000084e00000,0x000000008557a630,0x000000008a100000)
 Metaspace       used 14056K, capacity 14440K, committed 14592K, reserved 1062912K
  class space    used 1658K, capacity 1772K, committed 1792K, reserved 1048576K
}
Event: 2,422 GC heap before
{Heap before GC invocations=6 (full 0):
 PSYoungGen      total 68608K, used 68576K [0x00000000d6f80000, 0x00000000dfd80000, 0x0000000100000000)
  eden space 63488K, 100% used [0x00000000d6f80000,0x00000000dad80000,0x00000000dad80000)
  from space 5120K, 99% used [0x00000000dad80000,0x00000000db278020,0x00000000db280000)
  to   space 9216K, 0% used [0x00000000df480000,0x00000000df480000,0x00000000dfd80000)
 ParOldGen       total 84992K, used 7657K [0x0000000084e00000, 0x000000008a100000, 0x00000000d6f80000)
  object space 84992K, 9% used [0x0000000084e00000,0x000000008557a630,0x000000008a100000)
 Metaspace       used 14719K, capacity 15142K, committed 15488K, reserved 1062912K
  class space    used 1726K, capacity 1813K, committed 1920K, reserved 1048576K
Event: 2,430 GC heap after
Heap after GC invocations=6 (full 0):
 PSYoungGen      total 136192K, used 7536K [0x00000000d6f80000, 0x00000000dfd80000, 0x0000000100000000)
  eden space 126976K, 0% used [0x00000000d6f80000,0x00000000d6f80000,0x00000000deb80000)
  from space 9216K, 81% used [0x00000000df480000,0x00000000dfbdc010,0x00000000dfd80000)
  to   space 9216K, 0% used [0x00000000deb80000,0x00000000deb80000,0x00000000df480000)
 ParOldGen       total 84992K, used 7657K [0x0000000084e00000, 0x000000008a100000, 0x00000000d6f80000)
  object space 84992K, 9% used [0x0000000084e00000,0x000000008557a630,0x000000008a100000)
 Metaspace       used 14719K, capacity 15142K, committed 15488K, reserved 1062912K
  class space    used 1726K, capacity 1813K, committed 1920K, reserved 1048576K
}
Event: 4,433 GC heap before
{Heap before GC invocations=7 (full 0):
 PSYoungGen      total 136192K, used 134512K [0x00000000d6f80000, 0x00000000dfd80000, 0x0000000100000000)
  eden space 126976K, 100% used [0x00000000d6f80000,0x00000000deb80000,0x00000000deb80000)
  from space 9216K, 81% used [0x00000000df480000,0x00000000dfbdc010,0x00000000dfd80000)
  to   space 9216K, 0% used [0x00000000deb80000,0x00000000deb80000,0x00000000df480000)
 ParOldGen       total 84992K, used 7657K [0x0000000084e00000, 0x000000008a100000, 0x00000000d6f80000)
  object space 84992K, 9% used [0x0000000084e00000,0x000000008557a630,0x000000008a100000)
 Metaspace       used 19696K, capacity 20138K, committed 20224K, reserved 1067008K
  class space    used 2333K, capacity 2477K, committed 2560K, reserved 1048576K
Event: 4,592 GC heap after
Heap after GC invocations=7 (full 0):
 PSYoungGen      total 136192K, used 9190K [0x00000000d6f80000, 0x00000000e9180000, 0x0000000100000000)
  eden space 126976K, 0% used [0x00000000d6f80000,0x00000000d6f80000,0x00000000deb80000)
  from space 9216K, 99% used [0x00000000deb80000,0x00000000df479ab8,0x00000000df480000)
  to   space 21504K, 0% used [0x00000000e7c80000,0x00000000e7c80000,0x00000000e9180000)
 ParOldGen       total 84992K, used 30649K [0x0000000084e00000, 0x000000008a100000, 0x00000000d6f80000)
  object space 84992K, 36% used [0x0000000084e00000,0x0000000086bee648,0x000000008a100000)
 Metaspace       used 19696K, capacity 20138K, committed 20224K, reserved 1067008K
  class space    used 2333K, capacity 2477K, committed 2560K, reserved 1048576K
}
Event: 5,045 GC heap before
{Heap before GC invocations=8 (full 0):
 PSYoungGen      total 136192K, used 26983K [0x00000000d6f80000, 0x00000000e9180000, 0x0000000100000000)
  eden space 126976K, 14% used [0x00000000d6f80000,0x00000000d80e0380,0x00000000deb80000)
  from space 9216K, 99% used [0x00000000deb80000,0x00000000df479ab8,0x00000000df480000)
  to   space 21504K, 0% used [0x00000000e7c80000,0x00000000e7c80000,0x00000000e9180000)
 ParOldGen       total 84992K, used 30649K [0x0000000084e00000, 0x000000008a100000, 0x00000000d6f80000)
  object space 84992K, 36% used [0x0000000084e00000,0x0000000086bee648,0x000000008a100000)
 Metaspace       used 20686K, capacity 21162K, committed 21296K, reserved 1069056K
  class space    used 2443K, capacity 2605K, committed 2688K, reserved 1048576K
Event: 5,052 GC heap after
Heap after GC invocations=8 (full 0):
 PSYoungGen      total 273408K, used 9419K [0x00000000d6f80000, 0x00000000e8f80000, 0x0000000100000000)
  eden space 253952K, 0% used [0x00000000d6f80000,0x00000000d6f80000,0x00000000e6780000)
  from space 19456K, 48% used [0x00000000e7c80000,0x00000000e85b2ce8,0x00000000e8f80000)
  to   space 20480K, 0% used [0x00000000e6780000,0x00000000e6780000,0x00000000e7b80000)
 ParOldGen       total 84992K, used 32017K [0x0000000084e00000, 0x000000008a100000, 0x00000000d6f80000)
  object space 84992K, 37% used [0x0000000084e00000,0x0000000086d44648,0x000000008a100000)
 Metaspace       used 20686K, capacity 21162K, committed 21296K, reserved 1069056K
  class space    used 2443K, capacity 2605K, committed 2688K, reserved 1048576K
}
Event: 5,052 GC heap before
{Heap before GC invocations=9 (full 1):
 PSYoungGen      total 273408K, used 9419K [0x00000000d6f80000, 0x00000000e8f80000, 0x0000000100000000)
  eden space 253952K, 0% used [0x00000000d6f80000,0x00000000d6f80000,0x00000000e6780000)
  from space 19456K, 48% used [0x00000000e7c80000,0x00000000e85b2ce8,0x00000000e8f80000)
  to   space 20480K, 0% used [0x00000000e6780000,0x00000000e6780000,0x00000000e7b80000)
 ParOldGen       total 84992K, used 32017K [0x0000000084e00000, 0x000000008a100000, 0x00000000d6f80000)
  object space 84992K, 37% used [0x0000000084e00000,0x0000000086d44648,0x000000008a100000)
 Metaspace       used 20686K, capacity 21162K, committed 21296K, reserved 1069056K
  class space    used 2443K, capacity 2605K, committed 2688K, reserved 1048576K
Event: 5,127 GC heap after
Heap after GC invocations=9 (full 1):
 PSYoungGen      total 273408K, used 0K [0x00000000d6f80000, 0x00000000e8f80000, 0x0000000100000000)
  eden space 253952K, 0% used [0x00000000d6f80000,0x00000000d6f80000,0x00000000e6780000)
  from space 19456K, 0% used [0x00000000e7c80000,0x00000000e7c80000,0x00000000e8f80000)
  to   space 20480K, 0% used [0x00000000e6780000,0x00000000e6780000,0x00000000e7b80000)
 ParOldGen       total 89600K, used 33376K [0x0000000084e00000, 0x000000008a580000, 0x00000000d6f80000)
  object space 89600K, 37% used [0x0000000084e00000,0x0000000086e980f8,0x000000008a580000)
 Metaspace       used 20686K, capacity 21162K, committed 21296K, reserved 1069056K
  class space    used 2443K, capacity 2605K, committed 2688K, reserved 1048576K
}
Event: 8,450 GC heap before
{Heap before GC invocations=10 (full 1):
 PSYoungGen      total 273408K, used 247807K [0x00000000d6f80000, 0x00000000e8f80000, 0x0000000100000000)
  eden space 253952K, 97% used [0x00000000d6f80000,0x00000000e617ff18,0x00000000e6780000)
  from space 19456K, 0% used [0x00000000e7c80000,0x00000000e7c80000,0x00000000e8f80000)
  to   space 20480K, 0% used [0x00000000e6780000,0x00000000e6780000,0x00000000e7b80000)
 ParOldGen       total 89600K, used 43141K [0x0000000084e00000, 0x000000008a580000, 0x00000000d6f80000)
  object space 89600K, 48% used [0x0000000084e00000,0x0000000087821788,0x000000008a580000)
 Metaspace       used 25530K, capacity 26250K, committed 26496K, reserved 1073152K
  class space    used 2943K, capacity 3164K, committed 3200K, reserved 1048576K

